================================================================================================= tests coverage ==================================================================================================
_________________________________________________________________________________ coverage: platform darwin, python 3.9.6-final-0 _________________________________________________________________________________

Name                            Stmts   Miss  Cover
---------------------------------------------------
praktikum/__init__.py               0      0   100%
praktikum/bun.py                    8      2    75%
praktikum/burger.py                27      0   100%
praktikum/database.py              21      0   100%
praktikum/ingredient.py            11      3    73%
praktikum/ingredient_types.py       2      0   100%
---------------------------------------------------
TOTAL                              69      5    93%
